  main.cpp
C:\Users\Gebruiker\source\repos\C++\openGL\proj 2\pong\OpenGL\main.cpp(27,19): warning C4305: 'initializing': truncation from 'double' to 'float'
C:\Users\Gebruiker\source\repos\C++\openGL\proj 2\pong\OpenGL\main.cpp(31,48): warning C4305: 'initializing': truncation from 'double' to 'float'
C:\Users\Gebruiker\source\repos\C++\openGL\proj 2\pong\OpenGL\main.cpp(287,21): warning C4244: '=': conversion from 'double' to 'float', possible loss of data
C:\Users\Gebruiker\source\repos\C++\openGL\proj 2\pong\OpenGL\main.cpp(288,21): warning C4244: '=': conversion from 'double' to 'float', possible loss of data
C:\Users\Gebruiker\source\repos\C++\openGL\proj 2\pong\OpenGL\main.cpp(298,47): warning C4244: 'initializing': conversion from 'double' to 'float', possible loss of data
C:\Users\Gebruiker\source\repos\C++\openGL\proj 2\pong\OpenGL\main.cpp(300,41): warning C4244: '=': conversion from 'double' to 'float', possible loss of data
C:\Users\Gebruiker\source\repos\C++\openGL\proj 2\pong\OpenGL\main.cpp(301,41): warning C4244: '=': conversion from 'double' to 'float', possible loss of data
C:\Users\Gebruiker\source\repos\C++\openGL\proj 2\pong\OpenGL\main.cpp(306,47): warning C4244: 'initializing': conversion from 'double' to 'float', possible loss of data
C:\Users\Gebruiker\source\repos\C++\openGL\proj 2\pong\OpenGL\main.cpp(308,65): warning C4244: '=': conversion from 'double' to 'float', possible loss of data
C:\Users\Gebruiker\source\repos\C++\openGL\proj 2\pong\OpenGL\main.cpp(309,41): warning C4244: '=': conversion from 'double' to 'float', possible loss of data
C:\Users\Gebruiker\source\repos\C++\openGL\proj 2\pong\OpenGL\main.cpp(343,24): warning C4305: '+=': truncation from 'double' to 'float'
LINK : warning LNK4098: defaultlib 'MSVCRTD' conflicts with use of other libs; use /NODEFAULTLIB:library
  Generating code
  3 of 246 functions ( 1.2%) were compiled, the rest were copied from previous compilation.
    0 functions were new in current compilation
    0 functions had inline decision re-evaluated but remain unchanged
  Finished generating code
glfw3.lib(context.obj) : warning LNK4099: PDB '' was not found with 'glfw3.lib(context.obj)' or at ''; linking object as if no debug info
glfw3.lib(window.obj) : warning LNK4099: PDB '' was not found with 'glfw3.lib(window.obj)' or at ''; linking object as if no debug info
glfw3.lib(input.obj) : warning LNK4099: PDB '' was not found with 'glfw3.lib(input.obj)' or at ''; linking object as if no debug info
glfw3.lib(init.obj) : warning LNK4099: PDB '' was not found with 'glfw3.lib(init.obj)' or at ''; linking object as if no debug info
glfw3.lib(win32_thread.obj) : warning LNK4099: PDB '' was not found with 'glfw3.lib(win32_thread.obj)' or at ''; linking object as if no debug info
glfw3.lib(win32_window.obj) : warning LNK4099: PDB '' was not found with 'glfw3.lib(win32_window.obj)' or at ''; linking object as if no debug info
glfw3.lib(win32_joystick.obj) : warning LNK4099: PDB '' was not found with 'glfw3.lib(win32_joystick.obj)' or at ''; linking object as if no debug info
glfw3.lib(win32_time.obj) : warning LNK4099: PDB '' was not found with 'glfw3.lib(win32_time.obj)' or at ''; linking object as if no debug info
glfw3.lib(win32_init.obj) : warning LNK4099: PDB '' was not found with 'glfw3.lib(win32_init.obj)' or at ''; linking object as if no debug info
glfw3.lib(win32_monitor.obj) : warning LNK4099: PDB '' was not found with 'glfw3.lib(win32_monitor.obj)' or at ''; linking object as if no debug info
glfw3.lib(monitor.obj) : warning LNK4099: PDB '' was not found with 'glfw3.lib(monitor.obj)' or at ''; linking object as if no debug info
glfw3.lib(vulkan.obj) : warning LNK4099: PDB '' was not found with 'glfw3.lib(vulkan.obj)' or at ''; linking object as if no debug info
glfw3.lib(wgl_context.obj) : warning LNK4099: PDB '' was not found with 'glfw3.lib(wgl_context.obj)' or at ''; linking object as if no debug info
glfw3.lib(egl_context.obj) : warning LNK4099: PDB '' was not found with 'glfw3.lib(egl_context.obj)' or at ''; linking object as if no debug info
glfw3.lib(osmesa_context.obj) : warning LNK4099: PDB '' was not found with 'glfw3.lib(osmesa_context.obj)' or at ''; linking object as if no debug info
  OpenGL.vcxproj -> C:\Users\Gebruiker\source\repos\C++\openGL\proj 2\pong\x64\Release\OpenGL.exe
